<?xml version="1.0" encoding="UTF-8"?>
<!-- Generated by org.testng.reporters.JUnitXMLReporter -->
<testsuite ignored="0" hostname="DESKTOP-BHR3PSD" failures="0" tests="9" name="ChromeTest" time="2.511" errors="0" timestamp="2024-06-27T20:41:19 IST">
  <testcase classname="testNG.verifyAddToCartOptionOnApplication" name="@BeforeTest openBrowser" time="2.305">
    <failure type="org.openqa.selenium.SessionNotCreatedException" message="session not created: This version of ChromeDriver only supports Chrome version 121
Current browser version is 126.0.6478.116 with binary path C:\Program Files\Google\Chrome\Application\chrome.exe
Build info: version: &amp;apos;3.141.59&amp;apos;, revision: &amp;apos;e82be7d358&amp;apos;, time: &amp;apos;2018-11-14T08:17:03&amp;apos;
System info: host: &amp;apos;DESKTOP-BHR3PSD&amp;apos;, ip: &amp;apos;192.168.1.8&amp;apos;, os.name: &amp;apos;Windows 11&amp;apos;, os.arch: &amp;apos;amd64&amp;apos;, os.version: &amp;apos;10.0&amp;apos;, java.version: &amp;apos;17.0.5&amp;apos;
Driver info: driver.version: ChromeDriver
remote stacktrace: 	GetHandleVerifier [0x00601673+52979]
	(No symbol) [0x00587961]
	(No symbol) [0x0046DD3D]
	(No symbol) [0x00499981]
	(No symbol) [0x00498ED4]
	(No symbol) [0x00494794]
	(No symbol) [0x004912F9]
	(No symbol) [0x004CD2B1]
	(No symbol) [0x004CCE5A]
	(No symbol) [0x004C4286]
	(No symbol) [0x0049C063]
	(No symbol) [0x0049CECD]
	GetHandleVerifier [0x00918D83+3294723]
	GetHandleVerifier [0x00956CC2+3548482]
	GetHandleVerifier [0x00951C9C+3527964]
	GetHandleVerifier [0x0069870E+671630]
	(No symbol) [0x00591EB4]
	(No symbol) [0x0058D808]
	(No symbol) [0x0058D92D]
	(No symbol) [0x0057F7E0]
	BaseThreadInitThunk [0x76747BA9+25]
	RtlInitializeExceptionChain [0x7776C10B+107]
	RtlClearBits [0x7776C08F+191]
">
      <![CDATA[org.openqa.selenium.SessionNotCreatedException: session not created: This version of ChromeDriver only supports Chrome version 121
Current browser version is 126.0.6478.116 with binary path C:\Program Files\Google\Chrome\Application\chrome.exe
Build info: version: '3.141.59', revision: 'e82be7d358', time: '2018-11-14T08:17:03'
System info: host: 'DESKTOP-BHR3PSD', ip: '192.168.1.8', os.name: 'Windows 11', os.arch: 'amd64', os.version: '10.0', java.version: '17.0.5'
Driver info: driver.version: ChromeDriver
remote stacktrace: GetHandleVerifier [0x00601673+52979]
(No symbol) [0x00587961]
(No symbol) [0x0046DD3D]
(No symbol) [0x00499981]
(No symbol) [0x00498ED4]
(No symbol) [0x00494794]
(No symbol) [0x004912F9]
(No symbol) [0x004CD2B1]
(No symbol) [0x004CCE5A]
(No symbol) [0x004C4286]
(No symbol) [0x0049C063]
(No symbol) [0x0049CECD]
GetHandleVerifier [0x00918D83+3294723]
GetHandleVerifier [0x00956CC2+3548482]
GetHandleVerifier [0x00951C9C+3527964]
GetHandleVerifier [0x0069870E+671630]
(No symbol) [0x00591EB4]
(No symbol) [0x0058D808]
(No symbol) [0x0058D92D]
(No symbol) [0x0057F7E0]
BaseThreadInitThunk [0x76747BA9+25]
RtlInitializeExceptionChain [0x7776C10B+107]
RtlClearBits [0x7776C08F+191]

at org.openqa.selenium.remote.W3CHandshakeResponse.lambda$errorHandler$0(W3CHandshakeResponse.java:62)
at org.openqa.selenium.remote.HandshakeResponse.lambda$getResponseFunction$0(HandshakeResponse.java:30)
at org.openqa.selenium.remote.ProtocolHandshake.lambda$createSession$0(ProtocolHandshake.java:126)
at java.base/java.util.stream.ReferencePipeline$3$1.accept(ReferencePipeline.java:197)
at java.base/java.util.Spliterators$ArraySpliterator.tryAdvance(Spliterators.java:1002)
at java.base/java.util.stream.ReferencePipeline.forEachWithCancel(ReferencePipeline.java:129)
at java.base/java.util.stream.AbstractPipeline.copyIntoWithCancel(AbstractPipeline.java:527)
at java.base/java.util.stream.AbstractPipeline.copyInto(AbstractPipeline.java:513)
at java.base/java.util.stream.AbstractPipeline.wrapAndCopyInto(AbstractPipeline.java:499)
at java.base/java.util.stream.FindOps$FindOp.evaluateSequential(FindOps.java:150)
at java.base/java.util.stream.AbstractPipeline.evaluate(AbstractPipeline.java:234)
at java.base/java.util.stream.ReferencePipeline.findFirst(ReferencePipeline.java:647)
at org.openqa.selenium.remote.ProtocolHandshake.createSession(ProtocolHandshake.java:128)
at org.openqa.selenium.remote.ProtocolHandshake.createSession(ProtocolHandshake.java:74)
at org.openqa.selenium.remote.HttpCommandExecutor.execute(HttpCommandExecutor.java:136)
at org.openqa.selenium.remote.service.DriverCommandExecutor.execute(DriverCommandExecutor.java:83)
at org.openqa.selenium.remote.RemoteWebDriver.execute(RemoteWebDriver.java:552)
at org.openqa.selenium.remote.RemoteWebDriver.startSession(RemoteWebDriver.java:213)
at org.openqa.selenium.remote.RemoteWebDriver.<init>(RemoteWebDriver.java:131)
at org.openqa.selenium.chrome.ChromeDriver.<init>(ChromeDriver.java:181)
at org.openqa.selenium.chrome.ChromeDriver.<init>(ChromeDriver.java:168)
at org.openqa.selenium.chrome.ChromeDriver.<init>(ChromeDriver.java:123)
at browserSelect.Base.openChromeBrowser(Base.java:13)
at testNG.verifyAddToCartOptionOnApplication.openBrowser(verifyAddToCartOptionOnApplication.java:52)
at java.base/java.util.concurrent.FutureTask.run(FutureTask.java:264)
at java.base/java.util.concurrent.ThreadPoolExecutor.runWorker(ThreadPoolExecutor.java:1136)
at java.base/java.util.concurrent.ThreadPoolExecutor$Worker.run(ThreadPoolExecutor.java:635)
at java.base/java.lang.Thread.run(Thread.java:833)
... Removed 19 stack frames]]>
    </failure>
  </testcase> <!-- @BeforeTest openBrowser -->
  <testcase classname="testNG.verifyAddToCartOptionOnApplication" name="@BeforeTest openBrowser" time="2.316">
    <failure type="org.openqa.selenium.SessionNotCreatedException" message="session not created: This version of Microsoft Edge WebDriver only supports Microsoft Edge version 121
Current browser version is 126.0.2592.68 with binary path C:\Program Files (x86)\Microsoft\Edge\Application\msedge.exe
Build info: version: &amp;apos;3.141.59&amp;apos;, revision: &amp;apos;e82be7d358&amp;apos;, time: &amp;apos;2018-11-14T08:17:03&amp;apos;
System info: host: &amp;apos;DESKTOP-BHR3PSD&amp;apos;, ip: &amp;apos;192.168.1.8&amp;apos;, os.name: &amp;apos;Windows 11&amp;apos;, os.arch: &amp;apos;amd64&amp;apos;, os.version: &amp;apos;10.0&amp;apos;, java.version: &amp;apos;17.0.5&amp;apos;
Driver info: driver.version: EdgeDriver
remote stacktrace: 	GetHandleVerifier [0x00007FF7D72CB892+60738]
	Microsoft::Applications::Events::ILogConfiguration::operator* [0x00007FF7D7257B32+233090]
	(No symbol) [0x00007FF7D706AE0B]
	(No symbol) [0x00007FF7D70A97FC]
	(No symbol) [0x00007FF7D70A8AFB]
	(No symbol) [0x00007FF7D70A1B58]
	(No symbol) [0x00007FF7D709DB18]
	(No symbol) [0x00007FF7D70E7389]
	(No symbol) [0x00007FF7D70DC233]
	(No symbol) [0x00007FF7D70AD568]
	(No symbol) [0x00007FF7D70AC394]
	(No symbol) [0x00007FF7D70AD101]
	Microsoft::Applications::Events::EventProperty::to_string [0x00007FF7D7487D2C+1072924]
	(No symbol) [0x00007FF7D7130F45]
	(No symbol) [0x00007FF7D71C8F6C]
	(No symbol) [0x00007FF7D71C0A5D]
	Microsoft::Applications::Events::EventProperty::to_string [0x00007FF7D7486773+1067363]
	Microsoft::Applications::Events::ILogConfiguration::operator* [0x00007FF7D7261A88+273880]
	Microsoft::Applications::Events::ILogConfiguration::operator* [0x00007FF7D725C794+252644]
	Microsoft::Applications::Events::ILogConfiguration::operator* [0x00007FF7D725C8C2+252946]
	Microsoft::Applications::Events::ILogConfiguration::operator* [0x00007FF7D7252EC1+213521]
	BaseThreadInitThunk [0x00007FF80883257D+29]
	RtlUserThreadStart [0x00007FF80A26AF28+40]
">
      <![CDATA[org.openqa.selenium.SessionNotCreatedException: session not created: This version of Microsoft Edge WebDriver only supports Microsoft Edge version 121
Current browser version is 126.0.2592.68 with binary path C:\Program Files (x86)\Microsoft\Edge\Application\msedge.exe
Build info: version: '3.141.59', revision: 'e82be7d358', time: '2018-11-14T08:17:03'
System info: host: 'DESKTOP-BHR3PSD', ip: '192.168.1.8', os.name: 'Windows 11', os.arch: 'amd64', os.version: '10.0', java.version: '17.0.5'
Driver info: driver.version: EdgeDriver
remote stacktrace: GetHandleVerifier [0x00007FF7D72CB892+60738]
Microsoft::Applications::Events::ILogConfiguration::operator* [0x00007FF7D7257B32+233090]
(No symbol) [0x00007FF7D706AE0B]
(No symbol) [0x00007FF7D70A97FC]
(No symbol) [0x00007FF7D70A8AFB]
(No symbol) [0x00007FF7D70A1B58]
(No symbol) [0x00007FF7D709DB18]
(No symbol) [0x00007FF7D70E7389]
(No symbol) [0x00007FF7D70DC233]
(No symbol) [0x00007FF7D70AD568]
(No symbol) [0x00007FF7D70AC394]
(No symbol) [0x00007FF7D70AD101]
Microsoft::Applications::Events::EventProperty::to_string [0x00007FF7D7487D2C+1072924]
(No symbol) [0x00007FF7D7130F45]
(No symbol) [0x00007FF7D71C8F6C]
(No symbol) [0x00007FF7D71C0A5D]
Microsoft::Applications::Events::EventProperty::to_string [0x00007FF7D7486773+1067363]
Microsoft::Applications::Events::ILogConfiguration::operator* [0x00007FF7D7261A88+273880]
Microsoft::Applications::Events::ILogConfiguration::operator* [0x00007FF7D725C794+252644]
Microsoft::Applications::Events::ILogConfiguration::operator* [0x00007FF7D725C8C2+252946]
Microsoft::Applications::Events::ILogConfiguration::operator* [0x00007FF7D7252EC1+213521]
BaseThreadInitThunk [0x00007FF80883257D+29]
RtlUserThreadStart [0x00007FF80A26AF28+40]

at org.openqa.selenium.remote.W3CHandshakeResponse.lambda$errorHandler$0(W3CHandshakeResponse.java:62)
at org.openqa.selenium.remote.HandshakeResponse.lambda$getResponseFunction$0(HandshakeResponse.java:30)
at org.openqa.selenium.remote.ProtocolHandshake.lambda$createSession$0(ProtocolHandshake.java:126)
at java.base/java.util.stream.ReferencePipeline$3$1.accept(ReferencePipeline.java:197)
at java.base/java.util.Spliterators$ArraySpliterator.tryAdvance(Spliterators.java:1002)
at java.base/java.util.stream.ReferencePipeline.forEachWithCancel(ReferencePipeline.java:129)
at java.base/java.util.stream.AbstractPipeline.copyIntoWithCancel(AbstractPipeline.java:527)
at java.base/java.util.stream.AbstractPipeline.copyInto(AbstractPipeline.java:513)
at java.base/java.util.stream.AbstractPipeline.wrapAndCopyInto(AbstractPipeline.java:499)
at java.base/java.util.stream.FindOps$FindOp.evaluateSequential(FindOps.java:150)
at java.base/java.util.stream.AbstractPipeline.evaluate(AbstractPipeline.java:234)
at java.base/java.util.stream.ReferencePipeline.findFirst(ReferencePipeline.java:647)
at org.openqa.selenium.remote.ProtocolHandshake.createSession(ProtocolHandshake.java:128)
at org.openqa.selenium.remote.ProtocolHandshake.createSession(ProtocolHandshake.java:74)
at org.openqa.selenium.remote.HttpCommandExecutor.execute(HttpCommandExecutor.java:136)
at org.openqa.selenium.remote.service.DriverCommandExecutor.execute(DriverCommandExecutor.java:83)
at org.openqa.selenium.remote.RemoteWebDriver.execute(RemoteWebDriver.java:552)
at org.openqa.selenium.remote.RemoteWebDriver.startSession(RemoteWebDriver.java:213)
at org.openqa.selenium.remote.RemoteWebDriver.<init>(RemoteWebDriver.java:131)
at org.openqa.selenium.edge.EdgeDriver.<init>(EdgeDriver.java:141)
at org.openqa.selenium.edge.EdgeDriver.<init>(EdgeDriver.java:96)
at browserSelect.Base.openEdgeBrowser(Base.java:27)
at testNG.verifyAddToCartOptionOnApplication.openBrowser(verifyAddToCartOptionOnApplication.java:62)
at java.base/java.util.concurrent.FutureTask.run(FutureTask.java:264)
at java.base/java.util.concurrent.ThreadPoolExecutor.runWorker(ThreadPoolExecutor.java:1136)
at java.base/java.util.concurrent.ThreadPoolExecutor$Worker.run(ThreadPoolExecutor.java:635)
at java.base/java.lang.Thread.run(Thread.java:833)
... Removed 19 stack frames]]>
    </failure>
  </testcase> <!-- @BeforeTest openBrowser -->
  <testcase classname="testNG.verifyCustomerServiceSection" name="@BeforeTest openBrowser" time="0.0">
    <skipped/>
  </testcase> <!-- @BeforeTest openBrowser -->
  <testcase classname="testNG.verifyCustomerServiceSection" name="@BeforeTest openBrowser" time="0.0">
    <skipped/>
  </testcase> <!-- @BeforeTest openBrowser -->
  <testcase classname="testNG.verifyNewLaunchSectionWithLaptop" name="@BeforeTest openBrowser" time="0.0">
    <skipped/>
  </testcase> <!-- @BeforeTest openBrowser -->
  <testcase classname="testNG.verifyNewLaunchSectionWithLaptop" name="@BeforeTest openBrowser" time="0.0">
    <skipped/>
  </testcase> <!-- @BeforeTest openBrowser -->
  <testcase classname="testNG.verifyPrimeVideoTrailerPlayFuctionality" name="@BeforeTest openBrowser" time="0.0">
    <skipped/>
  </testcase> <!-- @BeforeTest openBrowser -->
  <testcase classname="testNG.verifyPrimeVideoTrailerPlayFuctionality" name="@BeforeTest openBrowser" time="0.0">
    <skipped/>
  </testcase> <!-- @BeforeTest openBrowser -->
  <testcase classname="testNG.verifyAddToCartOptionOnApplication" name="@BeforeClass createPOMObjects" time="0.0">
    <skipped/>
  </testcase> <!-- @BeforeClass createPOMObjects -->
  <testcase classname="testNG.verifyCustomerServiceSection" name="@BeforeClass createPOMObjects" time="0.0">
    <skipped/>
  </testcase> <!-- @BeforeClass createPOMObjects -->
  <testcase classname="testNG.verifyNewLaunchSectionWithLaptop" name="@BeforeClass createPOMObjects" time="0.0">
    <skipped/>
  </testcase> <!-- @BeforeClass createPOMObjects -->
  <testcase classname="testNG.verifyPrimeVideoTrailerPlayFuctionality" name="@BeforeClass createPOMObjects" time="0.0">
    <skipped/>
  </testcase> <!-- @BeforeClass createPOMObjects -->
  <testcase classname="testNG.verifyNewLaunchSectionWithLaptop" name="@BeforeClass createPOMObjects" time="0.0">
    <skipped/>
  </testcase> <!-- @BeforeClass createPOMObjects -->
  <testcase classname="testNG.verifyCustomerServiceSection" name="@BeforeClass createPOMObjects" time="0.0">
    <skipped/>
  </testcase> <!-- @BeforeClass createPOMObjects -->
  <testcase classname="testNG.verifyAddToCartOptionOnApplication" name="@BeforeClass createPOMObjects" time="0.0">
    <skipped/>
  </testcase> <!-- @BeforeClass createPOMObjects -->
  <testcase classname="testNG.verifyPrimeVideoTrailerPlayFuctionality" name="@BeforeClass createPOMObjects" time="0.0">
    <skipped/>
  </testcase> <!-- @BeforeClass createPOMObjects -->
  <testcase classname="testNG.verifyAddToCartOptionOnApplication" name="@BeforeMethod openApplication" time="0.0">
    <skipped/>
  </testcase> <!-- @BeforeMethod openApplication -->
  <testcase classname="testNG.verifyCustomerServiceSection" name="@BeforeMethod openApplication" time="0.0">
    <skipped/>
  </testcase> <!-- @BeforeMethod openApplication -->
  <testcase classname="testNG.verifyNewLaunchSectionWithLaptop" name="@BeforeMethod openApplication" time="0.0">
    <skipped/>
  </testcase> <!-- @BeforeMethod openApplication -->
  <testcase classname="testNG.verifyNewLaunchSectionWithLaptop" name="@BeforeMethod openApplication" time="0.0">
    <skipped/>
  </testcase> <!-- @BeforeMethod openApplication -->
  <testcase classname="testNG.verifyPrimeVideoTrailerPlayFuctionality" name="@BeforeMethod openApplication" time="0.0">
    <skipped/>
  </testcase> <!-- @BeforeMethod openApplication -->
  <testcase classname="testNG.verifyAddToCartOptionOnApplication" name="@BeforeMethod openApplication" time="0.0">
    <skipped/>
  </testcase> <!-- @BeforeMethod openApplication -->
  <testcase classname="testNG.verifyPrimeVideoTrailerPlayFuctionality" name="@BeforeMethod openApplication" time="0.0">
    <skipped/>
  </testcase> <!-- @BeforeMethod openApplication -->
  <testcase classname="testNG.verifyCustomerServiceSection" name="@BeforeMethod openApplication" time="0.0">
    <skipped/>
  </testcase> <!-- @BeforeMethod openApplication -->
  <testcase classname="testNG.verifyCustomerServiceSection" name="@AfterMethod closeApplication" time="0.0">
    <skipped/>
  </testcase> <!-- @AfterMethod closeApplication -->
  <testcase classname="testNG.verifyAddToCartOptionOnApplication" name="@AfterMethod logOutApplication" time="0.0">
    <skipped/>
  </testcase> <!-- @AfterMethod logOutApplication -->
  <testcase classname="testNG.verifyPrimeVideoTrailerPlayFuctionality" name="@AfterMethod closeApplication" time="0.0">
    <skipped/>
  </testcase> <!-- @AfterMethod closeApplication -->
  <testcase classname="testNG.verifyPrimeVideoTrailerPlayFuctionality" name="@AfterMethod closeApplication" time="0.0">
    <skipped/>
  </testcase> <!-- @AfterMethod closeApplication -->
  <testcase classname="testNG.verifyNewLaunchSectionWithLaptop" name="@AfterMethod logOutApplication" time="0.0">
    <skipped/>
  </testcase> <!-- @AfterMethod logOutApplication -->
  <testcase classname="testNG.verifyAddToCartOptionOnApplication" name="@AfterMethod logOutApplication" time="0.0">
    <skipped/>
  </testcase> <!-- @AfterMethod logOutApplication -->
  <testcase classname="testNG.verifyAddToCartOptionOnApplication" name="@BeforeMethod openApplication" time="0.0">
    <skipped/>
  </testcase> <!-- @BeforeMethod openApplication -->
  <testcase classname="testNG.verifyNewLaunchSectionWithLaptop" name="@BeforeMethod openApplication" time="0.0">
    <skipped/>
  </testcase> <!-- @BeforeMethod openApplication -->
  <testcase classname="testNG.verifyPrimeVideoTrailerPlayFuctionality" name="@BeforeMethod openApplication" time="0.0">
    <skipped/>
  </testcase> <!-- @BeforeMethod openApplication -->
  <testcase classname="testNG.verifyPrimeVideoTrailerPlayFuctionality" name="@BeforeMethod openApplication" time="0.0">
    <skipped/>
  </testcase> <!-- @BeforeMethod openApplication -->
  <testcase classname="testNG.verifyAddToCartOptionOnApplication" name="@BeforeMethod openApplication" time="0.0">
    <skipped/>
  </testcase> <!-- @BeforeMethod openApplication -->
  <testcase classname="testNG.verifyCustomerServiceSection" name="@BeforeMethod openApplication" time="0.0">
    <skipped/>
  </testcase> <!-- @BeforeMethod openApplication -->
  <testcase classname="testNG.verifyNewLaunchSectionWithLaptop" name="@AfterMethod logOutApplication" time="0.0">
    <skipped/>
  </testcase> <!-- @AfterMethod logOutApplication -->
  <testcase classname="testNG.verifyCustomerServiceSection" name="@AfterMethod closeApplication" time="0.0">
    <skipped/>
  </testcase> <!-- @AfterMethod closeApplication -->
  <testcase classname="testNG.verifyCustomerServiceSection" name="@BeforeMethod openApplication" time="0.0">
    <skipped/>
  </testcase> <!-- @BeforeMethod openApplication -->
  <testcase classname="testNG.verifyAddToCartOptionOnApplication" name="@AfterMethod logOutApplication" time="0.0">
    <skipped/>
  </testcase> <!-- @AfterMethod logOutApplication -->
  <testcase classname="testNG.verifyPrimeVideoTrailerPlayFuctionality" name="@AfterMethod closeApplication" time="0.0">
    <skipped/>
  </testcase> <!-- @AfterMethod closeApplication -->
  <testcase classname="testNG.verifyPrimeVideoTrailerPlayFuctionality" name="@AfterMethod closeApplication" time="0.0">
    <skipped/>
  </testcase> <!-- @AfterMethod closeApplication -->
  <testcase classname="testNG.verifyNewLaunchSectionWithLaptop" name="@AfterMethod logOutApplication" time="0.0">
    <skipped/>
  </testcase> <!-- @AfterMethod logOutApplication -->
  <testcase classname="testNG.verifyNewLaunchSectionWithLaptop" name="@BeforeMethod openApplication" time="0.0">
    <skipped/>
  </testcase> <!-- @BeforeMethod openApplication -->
  <testcase classname="testNG.verifyNewLaunchSectionWithLaptop" name="@AfterClass clearObjects" time="0.0">
    <skipped/>
  </testcase> <!-- @AfterClass clearObjects -->
  <testcase classname="testNG.verifyAddToCartOptionOnApplication" name="@AfterMethod logOutApplication" time="0.0">
    <skipped/>
  </testcase> <!-- @AfterMethod logOutApplication -->
  <testcase classname="testNG.verifyPrimeVideoTrailerPlayFuctionality" name="@AfterClass clearObjects" time="0.0">
    <skipped/>
  </testcase> <!-- @AfterClass clearObjects -->
  <testcase classname="testNG.verifyAddToCartOptionOnApplication" name="@AfterClass clearObjects" time="0.0">
    <skipped/>
  </testcase> <!-- @AfterClass clearObjects -->
  <testcase classname="testNG.verifyPrimeVideoTrailerPlayFuctionality" name="@AfterClass clearObjects" time="0.0">
    <skipped/>
  </testcase> <!-- @AfterClass clearObjects -->
  <testcase classname="testNG.verifyAddToCartOptionOnApplication" name="@AfterClass clearObjects" time="0.0">
    <skipped/>
  </testcase> <!-- @AfterClass clearObjects -->
  <testcase classname="testNG.verifyCustomerServiceSection" name="@AfterMethod closeApplication" time="0.0">
    <skipped/>
  </testcase> <!-- @AfterMethod closeApplication -->
  <testcase classname="testNG.verifyCustomerServiceSection" name="@BeforeMethod openApplication" time="0.0">
    <skipped/>
  </testcase> <!-- @BeforeMethod openApplication -->
  <testcase classname="testNG.verifyCustomerServiceSection" name="@AfterMethod closeApplication" time="0.0">
    <skipped/>
  </testcase> <!-- @AfterMethod closeApplication -->
  <testcase classname="testNG.verifyNewLaunchSectionWithLaptop" name="@AfterMethod logOutApplication" time="0.0">
    <skipped/>
  </testcase> <!-- @AfterMethod logOutApplication -->
  <testcase classname="testNG.verifyCustomerServiceSection" name="@BeforeMethod openApplication" time="0.0">
    <skipped/>
  </testcase> <!-- @BeforeMethod openApplication -->
  <testcase classname="testNG.verifyCustomerServiceSection" name="@AfterMethod closeApplication" time="0.0">
    <skipped/>
  </testcase> <!-- @AfterMethod closeApplication -->
  <testcase classname="testNG.verifyNewLaunchSectionWithLaptop" name="@AfterClass clearObjects" time="0.0">
    <skipped/>
  </testcase> <!-- @AfterClass clearObjects -->
  <testcase classname="testNG.verifyCustomerServiceSection" name="@AfterClass clearObjects" time="0.0">
    <skipped/>
  </testcase> <!-- @AfterClass clearObjects -->
  <testcase classname="testNG.verifyCustomerServiceSection" name="@AfterMethod closeApplication" time="0.0">
    <skipped/>
  </testcase> <!-- @AfterMethod closeApplication -->
  <testcase classname="testNG.verifyCustomerServiceSection" name="@AfterClass clearObjects" time="0.0">
    <skipped/>
  </testcase> <!-- @AfterClass clearObjects -->
  <testcase classname="testNG.verifyAddToCartOptionOnApplication" name="@AfterTest closeBrowser" time="0.0">
    <skipped/>
  </testcase> <!-- @AfterTest closeBrowser -->
  <testcase classname="testNG.verifyAddToCartOptionOnApplication" name="@AfterTest closeBrowser" time="0.0">
    <skipped/>
  </testcase> <!-- @AfterTest closeBrowser -->
  <testcase classname="testNG.verifyCustomerServiceSection" name="@AfterTest closeBrowser" time="0.0">
    <skipped/>
  </testcase> <!-- @AfterTest closeBrowser -->
  <testcase classname="testNG.verifyCustomerServiceSection" name="@AfterTest closeBrowser" time="0.0">
    <skipped/>
  </testcase> <!-- @AfterTest closeBrowser -->
  <testcase classname="testNG.verifyNewLaunchSectionWithLaptop" name="@AfterTest closeBrowser" time="0.0">
    <skipped/>
  </testcase> <!-- @AfterTest closeBrowser -->
  <testcase classname="testNG.verifyNewLaunchSectionWithLaptop" name="@AfterTest closeBrowser" time="0.0">
    <skipped/>
  </testcase> <!-- @AfterTest closeBrowser -->
  <testcase classname="testNG.verifyPrimeVideoTrailerPlayFuctionality" name="@AfterTest closeBrowser" time="0.0">
    <skipped/>
  </testcase> <!-- @AfterTest closeBrowser -->
  <testcase classname="testNG.verifyPrimeVideoTrailerPlayFuctionality" name="@AfterTest closeBrowser" time="0.0">
    <skipped/>
  </testcase> <!-- @AfterTest closeBrowser -->
  <testcase classname="testNG.verifyAddToCartOptionOnApplication" name="addToCartFuctionality" time="0.0">
    <skipped/>
  </testcase> <!-- addToCartFuctionality -->
  <testcase classname="testNG.verifyPrimeVideoTrailerPlayFuctionality" name="primeVideosectionFuctionality" time="0.0">
    <skipped/>
  </testcase> <!-- primeVideosectionFuctionality -->
  <testcase classname="testNG.verifyNewLaunchSectionWithLaptop" name="verifyAddBothTocartFuctionality" time="0.0">
    <skipped/>
  </testcase> <!-- verifyAddBothTocartFuctionality -->
  <testcase classname="testNG.verifyCustomerServiceSection" name="verifyMsgOnCustomerServicePage" time="0.001">
    <skipped/>
  </testcase> <!-- verifyMsgOnCustomerServicePage -->
  <testcase classname="testNG.verifyPrimeVideoTrailerPlayFuctionality" name="verifyCategorySectionInPrimeVideo" time="0.0">
    <skipped/>
  </testcase> <!-- verifyCategorySectionInPrimeVideo -->
  <testcase classname="testNG.verifyAddToCartOptionOnApplication" name="buyNowFunctionality" time="0.0">
    <skipped/>
  </testcase> <!-- buyNowFunctionality -->
  <testcase classname="testNG.verifyCustomerServiceSection" name="verifyFindMoreSolutionAndAskQuationfunction" time="0.0">
    <skipped/>
  </testcase> <!-- verifyFindMoreSolutionAndAskQuationfunction -->
  <testcase classname="testNG.verifyNewLaunchSectionWithLaptop" name="verifyGotoCartbuttonOnRightSideSection" time="0.0">
    <skipped/>
  </testcase> <!-- verifyGotoCartbuttonOnRightSideSection -->
  <testcase classname="testNG.verifyCustomerServiceSection" name="verifyLaguageSelectionMarathi" time="0.0">
    <skipped/>
  </testcase> <!-- verifyLaguageSelectionMarathi -->
</testsuite> <!-- ChromeTest -->
